▲ Next.js 16.1.6
- Local:         http://localhost:3001
- Network:       http://192.168.5.4:3001

✓ Starting...
✓ Ready in 316ms
▲ Next.js 16.1.6
- Local:         http://localhost:3001
- Network:       http://192.168.5.4:3001

✓ Starting...
✓ Ready in 346ms
▲ Next.js 16.1.6
- Local:         http://localhost:3001
- Network:       http://192.168.5.4:3001

✓ Starting...
✓ Ready in 530ms
▲ Next.js 16.1.6
- Local:         http://localhost:3001
- Network:       http://192.168.5.4:3001

✓ Starting...
✓ Ready in 316ms
▲ Next.js 16.1.6
- Local:         http://localhost:3001
- Network:       http://192.168.5.4:3001

✓ Starting...
✓ Ready in 378ms
▲ Next.js 16.1.6
- Local:         http://localhost:3001
- Network:       http://192.168.5.4:3001

✓ Starting...
✓ Ready in 365ms
